<?xml version="1.0" encoding="UTF-8"?>
<!-- Generated by org.testng.reporters.JUnitReportReporter -->
<testsuite hostname="Harishs-Air-2224" failures="0" tests="3" name="com.AutomationTests.demoProject.TestClass1" time="0.008" errors="0" timestamp="8 Oct 2019 18:01:24 GMT">
  <testcase classname="com.AutomationTests.demoProject.TestClass1" name="Test2" time="0.006"/>
  <testcase classname="com.AutomationTests.demoProject.TestClass1" name="Test3" time="0.001"/>
  <testcase classname="com.AutomationTests.demoProject.TestClass1" name="Test1" time="0.001"/>
</testsuite> <!-- com.AutomationTests.demoProject.TestClass1 -->
