<?xml version="1.0" encoding="UTF-8"?>
<!-- Generated by org.testng.reporters.JUnitReportReporter -->
<testsuite hostname="Harishs-Air-2224" failures="0" tests="3" name="com.AutomationTests.demoProject.TestClass1" time="0.014" errors="0" timestamp="11 Apr 2019 17:39:00 GMT">
  <testcase classname="com.AutomationTests.demoProject.TestClass1" name="Test2" time="0.011"/>
  <testcase classname="com.AutomationTests.demoProject.TestClass1" name="Test3" time="0.001"/>
  <testcase classname="com.AutomationTests.demoProject.TestClass1" name="Test1" time="0.002"/>
</testsuite> <!-- com.AutomationTests.demoProject.TestClass1 -->
